Mar-05 12:18:46.814 [main] DEBUG nextflow.cli.Launcher - $> nextflow run stage/main.nf
Mar-05 12:18:46.859 [main] INFO  nextflow.cli.CmdRun - N E X T F L O W  ~  version 23.04.4
Mar-05 12:18:46.872 [main] DEBUG nextflow.plugin.PluginsFacade - Setting up plugin manager > mode=prod; embedded=false; plugins-dir=/home/santhoshi.sadhanaa/.nextflow/plugins; core-plugins: nf-amazon@1.16.2,nf-azure@1.0.1,nf-codecommit@0.1.4,nf-console@1.0.5,nf-ga4gh@1.0.5,nf-google@1.7.3-patch1,nf-tower@1.5.12,nf-wave@0.8.4
Mar-05 12:18:46.879 [main] INFO  org.pf4j.DefaultPluginStatusProvider - Enabled plugins: []
Mar-05 12:18:46.880 [main] INFO  org.pf4j.DefaultPluginStatusProvider - Disabled plugins: []
Mar-05 12:18:46.882 [main] INFO  org.pf4j.DefaultPluginManager - PF4J version 3.4.1 in 'deployment' mode
Mar-05 12:18:46.890 [main] INFO  org.pf4j.AbstractPluginManager - No plugins
Mar-05 12:18:46.902 [main] DEBUG nextflow.config.ConfigBuilder - Found config base: /home/santhoshi.sadhanaa/nextflow-practice/personal_git/Test/stage/nextflow.config
Mar-05 12:18:46.903 [main] DEBUG nextflow.config.ConfigBuilder - Parsing config file: /home/santhoshi.sadhanaa/nextflow-practice/personal_git/Test/stage/nextflow.config
Mar-05 12:18:46.917 [main] DEBUG nextflow.config.ConfigBuilder - Applying config profile: `standard`
Mar-05 12:18:47.347 [main] DEBUG nextflow.cli.CmdRun - Applied DSL=2 from script declararion
Mar-05 12:18:47.357 [main] INFO  nextflow.cli.CmdRun - Launching `stage/main.nf` [cheesy_sinoussi] DSL2 - revision: 70c156fdfc
Mar-05 12:18:47.357 [main] DEBUG nextflow.plugin.PluginsFacade - Plugins default=[]
Mar-05 12:18:47.358 [main] DEBUG nextflow.plugin.PluginsFacade - Plugins resolved requirement=[nf-tower@1.5.12]
Mar-05 12:18:47.358 [main] DEBUG nextflow.plugin.PluginUpdater - Installing plugin nf-tower version: 1.5.12
Mar-05 12:18:47.362 [main] INFO  org.pf4j.AbstractPluginManager - Plugin 'nf-tower@1.5.12' resolved
Mar-05 12:18:47.362 [main] INFO  org.pf4j.AbstractPluginManager - Start plugin 'nf-tower@1.5.12'
Mar-05 12:18:47.370 [main] DEBUG nextflow.plugin.BasePlugin - Plugin started nf-tower@1.5.12
Mar-05 12:18:47.377 [main] DEBUG nextflow.secret.LocalSecretsProvider - Secrets store: /home/santhoshi.sadhanaa/.nextflow/secrets/store.json
Mar-05 12:18:47.380 [main] DEBUG nextflow.secret.SecretsLoader - Discovered secrets providers: [nextflow.secret.LocalSecretsProvider@bbd4791] - activable => nextflow.secret.LocalSecretsProvider@bbd4791
Mar-05 12:18:47.419 [main] DEBUG nextflow.Session - Session UUID: 69e172da-95c6-4795-ae9e-a09082fe9717
Mar-05 12:18:47.419 [main] DEBUG nextflow.Session - Run name: cheesy_sinoussi
Mar-05 12:18:47.420 [main] DEBUG nextflow.Session - Executor pool size: 12
Mar-05 12:18:47.427 [main] DEBUG nextflow.util.ThreadPoolBuilder - Creating thread pool 'FileTransfer' minSize=10; maxSize=36; workQueue=LinkedBlockingQueue[10000]; allowCoreThreadTimeout=false
Mar-05 12:18:47.429 [main] DEBUG nextflow.config.ConfigBuilder - Found config base: /home/santhoshi.sadhanaa/nextflow-practice/personal_git/Test/stage/nextflow.config
Mar-05 12:18:47.429 [main] DEBUG nextflow.config.ConfigBuilder - Parsing config file: /home/santhoshi.sadhanaa/nextflow-practice/personal_git/Test/stage/nextflow.config
Mar-05 12:18:47.429 [main] DEBUG nextflow.config.ConfigBuilder - Applying config profile: `standard`
Mar-05 12:18:47.493 [main] DEBUG nextflow.cli.CmdRun - 
  Version: 23.04.4 build 5881
  Created: 25-09-2023 15:34 UTC (21:04 IDT)
  System: Linux 5.15.0-97-generic
  Runtime: Groovy 3.0.16 on OpenJDK 64-Bit Server VM 11.0.19+7
  Encoding: UTF-8 (UTF-8)
  Process: 429164@MC1142 [127.0.1.1]
  CPUs: 12 - Mem: 15.3 GB (3.9 GB) - Swap: 2 GB (2 GB)
Mar-05 12:18:47.508 [main] DEBUG nextflow.Session - Work-dir: /home/santhoshi.sadhanaa/nextflow-practice/personal_git/Test/work [ext2/ext3]
Mar-05 12:18:47.508 [main] DEBUG nextflow.Session - Script base path does not exist or is not a directory: /home/santhoshi.sadhanaa/nextflow-practice/personal_git/Test/stage/bin
Mar-05 12:18:47.515 [main] DEBUG nextflow.executor.ExecutorFactory - Extension executors providers=[]
Mar-05 12:18:47.523 [main] DEBUG nextflow.Session - Observer factory: DefaultObserverFactory
Mar-05 12:18:47.560 [main] DEBUG nextflow.Session - Observer factory: TowerFactory
Mar-05 12:18:47.669 [main] DEBUG nextflow.cache.CacheFactory - Using Nextflow cache factory: nextflow.cache.DefaultCacheFactory
Mar-05 12:18:47.676 [main] DEBUG nextflow.util.CustomThreadPool - Creating default thread pool > poolSize: 13; maxThreads: 1000
Mar-05 12:18:47.723 [main] DEBUG nextflow.Session - Session start
Mar-05 12:18:47.726 [main] DEBUG nextflow.trace.TraceFileObserver - Workflow started -- trace file: /home/santhoshi.sadhanaa/nextflow-practice/personal_git/Test/nextflow/trace.txt
Mar-05 12:18:47.732 [main] DEBUG io.seqera.tower.plugin.TowerClient - Creating Tower observer -- endpoint=https://api.tower.nf; requestInterval=1s; aliveInterval=1m; maxRetries=5; backOffBase=3; backOffDelay=250
Mar-05 12:18:49.256 [main] DEBUG nextflow.script.ScriptRunner - > Launching execution
Mar-05 12:18:49.327 [main] DEBUG nextflow.executor.ExecutorFactory - << taskConfig executor: null
Mar-05 12:18:49.328 [main] DEBUG nextflow.executor.ExecutorFactory - >> processorType: 'local'
Mar-05 12:18:49.335 [main] DEBUG nextflow.executor.Executor - [warm up] executor > local
Mar-05 12:18:49.340 [main] DEBUG n.processor.LocalPollingMonitor - Creating local task monitor for executor 'local' > cpus=12; memory=15.3 GB; capacity=12; pollInterval=100ms; dumpInterval=5m
Mar-05 12:18:49.452 [main] DEBUG nextflow.executor.ExecutorFactory - << taskConfig executor: null
Mar-05 12:18:49.452 [main] DEBUG nextflow.executor.ExecutorFactory - >> processorType: 'local'
Mar-05 12:18:49.481 [main] DEBUG nextflow.Session - Workflow process names [dsl2]: echo_file, make_file
Mar-05 12:18:49.789 [main] INFO  io.seqera.tower.plugin.TowerClient - Monitor the execution with Nextflow Tower using this URL: https://tower.nf/user/sadhanaa-g-s/watch/3UkRF7032UHelC
Mar-05 12:18:49.792 [main] DEBUG nextflow.Session - Igniting dataflow network (2)
Mar-05 12:18:49.792 [main] DEBUG nextflow.processor.TaskProcessor - Starting process > make_file
Mar-05 12:18:49.792 [main] DEBUG nextflow.processor.TaskProcessor - Starting process > echo_file
Mar-05 12:18:49.793 [main] DEBUG nextflow.script.ScriptRunner - > Awaiting termination 
Mar-05 12:18:49.793 [main] DEBUG nextflow.Session - Session await
Mar-05 12:18:49.941 [Task submitter] DEBUG n.executor.local.LocalTaskHandler - Launch cmd line: /bin/bash -ue .command.run
Mar-05 12:18:49.945 [Task submitter] INFO  nextflow.Session - [45/3db097] Submitted process > make_file
Mar-05 12:18:50.467 [Task monitor] DEBUG n.processor.TaskPollingMonitor - Task completed > TaskHandler[id: 1; name: make_file; status: COMPLETED; exit: 0; error: -; workDir: /home/santhoshi.sadhanaa/nextflow-practice/personal_git/Test/work/45/3db097417871109a41619f8986f933]
Mar-05 12:18:50.486 [Task monitor] DEBUG nextflow.util.ThreadPoolBuilder - Creating thread pool 'PublishDir' minSize=10; maxSize=36; workQueue=LinkedBlockingQueue[10000]; allowCoreThreadTimeout=false
Mar-05 12:18:50.508 [Task submitter] DEBUG n.executor.local.LocalTaskHandler - Launch cmd line: /bin/bash -ue .command.run
Mar-05 12:18:50.508 [Task submitter] INFO  nextflow.Session - [0f/59e27f] Submitted process > echo_file
Mar-05 12:18:51.000 [Task monitor] DEBUG n.processor.TaskPollingMonitor - Task completed > TaskHandler[id: 2; name: echo_file; status: COMPLETED; exit: 0; error: -; workDir: /home/santhoshi.sadhanaa/nextflow-practice/personal_git/Test/work/0f/59e27f562f47c1f64cb60f65eaa21f]
Mar-05 12:18:51.002 [main] DEBUG nextflow.Session - Session await > all processes finished
Mar-05 12:18:51.005 [main] DEBUG nextflow.Session - Session await > all barriers passed
Mar-05 12:18:51.007 [main] DEBUG nextflow.util.ThreadPoolManager - Thread pool 'PublishDir' shutdown completed (hard=false)
Mar-05 12:18:51.012 [main] DEBUG nextflow.trace.WorkflowStatsObserver - Workflow completed > WorkflowStats[succeededCount=2; failedCount=0; ignoredCount=0; cachedCount=0; pendingCount=0; submittedCount=0; runningCount=0; retriesCount=0; abortedCount=0; succeedDuration=6ms; failedDuration=0ms; cachedDuration=0ms;loadCpus=0; loadMemory=0; peakRunning=1; peakCpus=1; peakMemory=0; ]
Mar-05 12:18:51.012 [main] DEBUG nextflow.trace.TraceFileObserver - Workflow completed -- saving trace file
Mar-05 12:18:51.014 [main] DEBUG nextflow.trace.ReportObserver - Workflow completed -- rendering execution report
Mar-05 12:18:51.027 [main] DEBUG nextflow.trace.ReportObserver - Execution report summary data:
  [{"cpuUsage":{"mean":100,"min":100,"q1":100,"q2":100,"q3":100,"max":100,"minLabel":"make_file","maxLabel":"make_file","q1Label":"make_file","q2Label":"make_file","q3Label":"make_file"},"process":"make_file","mem":null,"memUsage":null,"timeUsage":null,"vmem":null,"reads":{"mean":59415,"min":59415,"q1":59415,"q2":59415,"q3":59415,"max":59415,"minLabel":"make_file","maxLabel":"make_file","q1Label":"make_file","q2Label":"make_file","q3Label":"make_file"},"cpu":{"mean":100,"min":100,"q1":100,"q2":100,"q3":100,"max":100,"minLabel":"make_file","maxLabel":"make_file","q1Label":"make_file","q2Label":"make_file","q3Label":"make_file"},"time":{"mean":3,"min":3,"q1":3,"q2":3,"q3":3,"max":3,"minLabel":"make_file","maxLabel":"make_file","q1Label":"make_file","q2Label":"make_file","q3Label":"make_file"},"writes":{"mean":217,"min":217,"q1":217,"q2":217,"q3":217,"max":217,"minLabel":"make_file","maxLabel":"make_file","q1Label":"make_file","q2Label":"make_file","q3Label":"make_file"}},{"cpuUsage":null,"process":"echo_file","mem":null,"memUsage":null,"timeUsage":null,"vmem":null,"reads":{"mean":67832,"min":67832,"q1":67832,"q2":67832,"q3":67832,"max":67832,"minLabel":"echo_file","maxLabel":"echo_file","q1Label":"echo_file","q2Label":"echo_file","q3Label":"echo_file"},"cpu":null,"time":{"mean":3,"min":3,"q1":3,"q2":3,"q3":3,"max":3,"minLabel":"echo_file","maxLabel":"echo_file","q1Label":"echo_file","q2Label":"echo_file","q3Label":"echo_file"},"writes":{"mean":231,"min":231,"q1":231,"q2":231,"q3":231,"max":231,"minLabel":"echo_file","maxLabel":"echo_file","q1Label":"echo_file","q2Label":"echo_file","q3Label":"echo_file"}}]
Mar-05 12:18:51.418 [main] DEBUG nextflow.trace.TimelineObserver - Workflow completed -- rendering execution timeline
Mar-05 12:18:51.840 [main] DEBUG io.seqera.tower.plugin.TowerReports - Saved reports file /home/santhoshi.sadhanaa/nextflow-practice/personal_git/Test/work/nf-3UkRF7032UHelC-reports.tsv
Mar-05 12:18:52.131 [main] DEBUG nextflow.cache.CacheDB - Closing CacheDB done
Mar-05 12:18:52.131 [main] INFO  org.pf4j.AbstractPluginManager - Stop plugin 'nf-tower@1.5.12'
Mar-05 12:18:52.131 [main] DEBUG nextflow.plugin.BasePlugin - Plugin stopped nf-tower
Mar-05 12:18:52.137 [main] DEBUG nextflow.util.ThreadPoolManager - Thread pool 'FileTransfer' shutdown completed (hard=false)
Mar-05 12:18:52.137 [main] DEBUG nextflow.script.ScriptRunner - > Execution complete -- Goodbye
